<?xml version="1.0" encoding="UTF-8"?>
<testsuite xmlns:xsi="http://www.w3.org/2001/XMLSchema-instance" xsi:noNamespaceSchemaLocation="https://maven.apache.org/surefire/maven-surefire-plugin/xsd/surefire-test-report-3.0.xsd" version="3.0" name="com.baeldung.SpringContextTest" time="7.904" tests="1" errors="0" skipped="0" failures="0">
  <properties>
[...]
</properties>
  <testcase name="whenSpringContextIsBootstrapped_thenNoExceptions" classname="com.baeldung.SpringContextTest" time="0.678">
    <system-out><![CDATA[12:01:56.576 [main] WARN  o.s.b.l.logback.LogbackLoggingSystem - Ignoring 'logback.configurationFile' system property. Please use 'logging.config' instead.

  .   ____          _            __ _ _
 /\\ / ___'_ __ _ _(_)_ __  __ _ \ \ \ \
( ( )\___ | '_ | '_| | '_ \/ _` | \ \ \ \
 \\/  ___)| |_)| | | | | || (_| |  ) ) ) )
  '  |____| .__|_| |_|_| |_\__, | / / / /
 =========|_|==============|___/=/_/_/_/

 :: Spring Boot ::                (v3.3.2)

12:01:56.721 [main] INFO  com.baeldung.SpringContextTest - Starting SpringContextTest using Java 17.0.6 with PID 35680 (started by hussa in C:\workspace\tutorials\persistence-modules\spring-data-rest)
12:01:56.724 [main] INFO  com.baeldung.SpringContextTest - No active profile set, falling back to 1 default profile: "h2"
12:01:58.104 [main] INFO  o.s.d.r.c.RepositoryConfigurationDelegate - Bootstrapping Spring Data JPA repositories in DEFAULT mode.
12:01:58.171 [main] INFO  o.s.d.r.c.RepositoryConfigurationDelegate - Finished Spring Data repository scanning in 57 ms. Found 5 JPA repository interfaces.
12:01:59.087 [main] INFO  o.h.jpa.internal.util.LogHelper - HHH000204: Processing PersistenceUnitInfo [name: default]
12:01:59.239 [main] INFO  org.hibernate.Version - HHH000412: Hibernate ORM core version 6.5.2.Final
12:01:59.341 [main] INFO  o.h.c.i.RegionFactoryInitiator - HHH000026: Second-level cache disabled
12:02:00.071 [main] INFO  o.s.o.j.p.SpringPersistenceUnitInfo - No LoadTimeWeaver setup: ignoring JPA class transformer
12:02:00.396 [main] WARN  org.hibernate.orm.deprecation - HHH90000025: H2Dialect does not need to be specified explicitly using 'hibernate.dialect' (remove the property setting and it will be selected by default)
12:02:01.469 [main] INFO  o.h.e.t.j.p.i.JtaPlatformInitiator - HHH000489: No JTA platform available (set 'hibernate.transaction.jta.platform' to enable JTA platform integration)
Hibernate: drop table if exists Address cascade 
Hibernate: drop table if exists Author cascade 
Hibernate: drop table if exists Book cascade 
Hibernate: drop table if exists book_author cascade 
Hibernate: drop table if exists Library cascade 
Hibernate: drop table if exists Subject cascade 
Hibernate: create table Address (id bigint generated by default as identity, location varchar(255) not null, primary key (id))
Hibernate: create table Author (id bigint generated by default as identity, name varchar(255) not null, primary key (id))
Hibernate: create table Book (id bigint generated by default as identity, library_id bigint, isbn varchar(255), title varchar(255) not null, primary key (id))
Hibernate: create table book_author (author_id bigint not null, book_id bigint not null)
Hibernate: create table Library (address_id bigint unique, id bigint generated by default as identity, name varchar(255), primary key (id))
Hibernate: create table Subject (id bigint generated by default as identity, name varchar(255) not null, primary key (id))
Hibernate: alter table if exists Book add constraint FKesionxg2ev3v25eneb22j9jpl foreign key (library_id) references Library
Hibernate: alter table if exists book_author add constraint FKg7khcolbxjwkgm0i0lye94l3l foreign key (author_id) references Book
Hibernate: alter table if exists book_author add constraint FKfd2j0mcwg85901ceuomyyg04t foreign key (book_id) references Author
Hibernate: alter table if exists Library add constraint FK2aqeoxpv6qqhd64j52fmg78d4 foreign key (address_id) references Address
12:02:01.547 [main] INFO  o.s.o.j.LocalContainerEntityManagerFactoryBean - Initialized JPA EntityManagerFactory for persistence unit 'default'
12:02:02.053 [main] WARN  o.s.b.a.o.j.JpaBaseConfiguration$JpaWebConfiguration - spring.jpa.open-in-view is enabled by default. Therefore, database queries may be performed during view rendering. Explicitly configure spring.jpa.open-in-view to disable this warning
12:02:03.279 [main] INFO  com.baeldung.SpringContextTest - Started SpringContextTest in 7.113 seconds (process running for 8.991)
]]></system-out>
  </testcase>
</testsuite>