<?xml version="1.0" encoding="UTF-8"?>
<testsuite xmlns:xsi="http://www.w3.org/2001/XMLSchema-instance" xsi:noNamespaceSchemaLocation="https://maven.apache.org/surefire/maven-surefire-plugin/xsd/surefire-test-report-3.0.xsd" version="3.0" name="com.baeldung.books.events.AuthorEventHandlerUnitTest" time="2.148" tests="2" errors="0" skipped="0" failures="0">
  <properties>
[...]
</properties>
  <testcase name="whenCreateAuthorThenSuccess" classname="com.baeldung.books.events.AuthorEventHandlerUnitTest" time="2.121">
    <system-err><![CDATA[Sep 26, 2024 12:01:57 PM com.baeldung.books.events.AuthorEventHandler handleAuthorBeforeCreate
INFO: Inside  Author Before Create....
]]></system-err>
  </testcase>
  <testcase name="whenDeleteAuthorThenSuccess" classname="com.baeldung.books.events.AuthorEventHandlerUnitTest" time="0.006">
    <system-err><![CDATA[Sep 26, 2024 12:01:57 PM com.baeldung.books.events.AuthorEventHandler handleAuthorAfterDelete
INFO: Inside  Author After Delete ....
]]></system-err>
  </testcase>
</testsuite>